<?xml version="1.0" encoding="UTF-8"?>
<!-- Generated by org.testng.reporters.JUnitReportReporter -->
<testsuite skipped="0" hostname="DESKTOP-KSFKQJI" name="com.courseweb.qa.testcases.DigitalLibraryPageTest" tests="1" failures="0" timestamp="20 Jan 2019 11:54:59 GMT" time="104.639" errors="0">
  <testcase name="It2018PaperFolderTest" time="104.639" classname="com.courseweb.qa.testcases.DigitalLibraryPageTest"/>
</testsuite> <!-- com.courseweb.qa.testcases.DigitalLibraryPageTest -->
