<?xml version="1.0" encoding="UTF-8"?>
<!-- Generated by org.testng.reporters.JUnitReportReporter -->
<testsuite skipped="0" hostname="DESKTOP-KSFKQJI" name="com.courseweb.qa.testcases.HomePageTest" tests="1" failures="0" timestamp="20 Jan 2019 08:36:41 GMT" time="34.608" errors="0">
  <testcase name="moveToDigitalPageTest" time="34.608" classname="com.courseweb.qa.testcases.HomePageTest"/>
</testsuite> <!-- com.courseweb.qa.testcases.HomePageTest -->
