<?xml version="1.0" encoding="UTF-8"?>
<!-- Generated by org.testng.reporters.JUnitReportReporter -->
<testsuite skipped="0" hostname="DESKTOP-KSFKQJI" name="com.courseweb.qa.testcases.LoginPageTest" tests="1" failures="0" timestamp="20 Jan 2019 07:51:24 GMT" time="27.610" errors="0">
  <testcase name="loginTest" time="27.610" classname="com.courseweb.qa.testcases.LoginPageTest"/>
</testsuite> <!-- com.courseweb.qa.testcases.LoginPageTest -->
